\BOOKMARK [0][-]{table.0.1}{\376\377\000R\000e\000v\000i\000s\000i\000o\000n\000\040\000H\000i\000s\000t\000o\000r\000y}{}% 1
\BOOKMARK [0][-]{section*.1}{\376\377\000P\000a\000s\000s\000w\000o\000r\000d\000s\000\040\000a\000n\000d\000\040\000S\000e\000r\000v\000i\000c\000e\000\040\000H\000i\000n\000t\000s}{}% 2
\BOOKMARK [0][-]{chapter.1}{\376\377\000L\000i\000n\000u\000x\000\040\000C\000o\000m\000m\000a\000n\000d\000s}{}% 3
\BOOKMARK [1][-]{section.1.1}{\376\377\000N\000a\000v\000i\000g\000a\000t\000i\000o\000n\000\040\000\046\000\040\000F\000i\000l\000e\000\040\000O\000p\000s}{chapter.1}% 4
\BOOKMARK [1][-]{section.1.2}{\376\377\000V\000i\000e\000w\000i\000n\000g\000\040\000\046\000\040\000S\000e\000a\000r\000c\000h\000i\000n\000g}{chapter.1}% 5
\BOOKMARK [1][-]{section.1.3}{\376\377\000T\000e\000x\000t\000\040\000P\000r\000o\000c\000e\000s\000s\000i\000n\000g}{chapter.1}% 6
\BOOKMARK [1][-]{section.1.4}{\376\377\000P\000e\000r\000m\000i\000s\000s\000i\000o\000n\000s\000\040\000\046\000\040\000O\000w\000n\000e\000r\000s\000h\000i\000p}{chapter.1}% 7
\BOOKMARK [1][-]{section.1.5}{\376\377\000L\000i\000n\000k\000s\000\040\000\046\000\040\000F\000i\000n\000d}{chapter.1}% 8
\BOOKMARK [1][-]{section.1.6}{\376\377\000P\000r\000o\000c\000e\000s\000s\000e\000s\000\040\000\046\000\040\000J\000o\000b\000\040\000C\000o\000n\000t\000r\000o\000l}{chapter.1}% 9
\BOOKMARK [1][-]{section.1.7}{\376\377\000A\000r\000c\000h\000i\000v\000i\000n\000g\000\040\000\046\000\040\000C\000o\000m\000p\000r\000e\000s\000s\000i\000o\000n}{chapter.1}% 10
\BOOKMARK [1][-]{section.1.8}{\376\377\000N\000e\000t\000w\000o\000r\000k\000i\000n\000g\000\040\000\046\000\040\000S\000y\000s\000t\000e\000m\000\040\000I\000n\000f\000o}{chapter.1}% 11
\BOOKMARK [1][-]{section.1.9}{\376\377\000P\000a\000c\000k\000a\000g\000e\000\040\000\046\000\040\000S\000e\000r\000v\000i\000c\000e\000s\000\040\000\050\000D\000e\000b\000i\000a\000n\000/\000U\000b\000u\000n\000t\000u\000\051}{chapter.1}% 12
\BOOKMARK [1][-]{section.1.10}{\376\377\000B\000a\000s\000h\000\040\000\046\000\040\000S\000c\000r\000i\000p\000t\000i\000n\000g}{chapter.1}% 13
\BOOKMARK [0][-]{chapter.2}{\376\377\000P\000r\000o\000j\000e\000c\000t\000\040\000P\000r\000o\000p\000o\000s\000a\000l\000\040\040\023\000\040\000G\000r\000o\000u\000p\000\040\0001\0004}{}% 14
\BOOKMARK [1][-]{section.2.1}{\376\377\000P\000r\000o\000j\000e\000c\000t\000\040\000T\000i\000t\000l\000e}{chapter.2}% 15
\BOOKMARK [1][-]{section.2.2}{\376\377\000P\000r\000o\000j\000e\000c\000t\000\040\000D\000e\000s\000c\000r\000i\000p\000t\000i\000o\000n}{chapter.2}% 16
\BOOKMARK [1][-]{section.2.3}{\376\377\000S\000i\000m\000p\000l\000e\000\040\000T\000a\000s\000k\000s}{chapter.2}% 17
\BOOKMARK [1][-]{section.2.4}{\376\377\000D\000e\000v\000S\000e\000c\000O\000p\000s\000\040\000T\000o\000o\000l\000s}{chapter.2}% 18
\BOOKMARK [0][-]{chapter.3}{\376\377\000A\000W\000S\000\040\000D\000e\000p\000l\000o\000y\000m\000e\000n\000t}{}% 19
\BOOKMARK [1][-]{section.3.1}{\376\377\000O\000v\000e\000r\000v\000i\000e\000w}{chapter.3}% 20
\BOOKMARK [1][-]{section.3.2}{\376\377\000S\000e\000t\000\040\000E\000n\000v\000i\000r\000o\000n\000m\000e\000n\000t\000\040\000V\000a\000r\000i\000a\000b\000l\000e\000s}{chapter.3}% 21
\BOOKMARK [1][-]{section.3.3}{\376\377\000C\000r\000e\000a\000t\000e\000\040\000\050\000o\000r\000\040\000R\000e\000u\000s\000e\000\051\000\040\000a\000n\000\040\000E\000C\000R\000\040\000R\000e\000p\000o\000s\000i\000t\000o\000r\000y}{chapter.3}% 22
\BOOKMARK [1][-]{section.3.4}{\376\377\000A\000u\000t\000h\000e\000n\000t\000i\000c\000a\000t\000e\000\040\000D\000o\000c\000k\000e\000r\000\040\000t\000o\000\040\000E\000C\000R}{chapter.3}% 23
\BOOKMARK [1][-]{section.3.5}{\376\377\000B\000u\000i\000l\000d\000,\000\040\000T\000a\000g\000,\000\040\000a\000n\000d\000\040\000P\000u\000s\000h\000\040\000Y\000o\000u\000r\000\040\000L\000o\000c\000a\000l\000\040\000I\000m\000a\000g\000e}{chapter.3}% 24
\BOOKMARK [1][-]{section.3.6}{\376\377\000V\000e\000r\000i\000f\000y\000\040\000t\000h\000e\000\040\000I\000m\000a\000g\000e\000\040\000i\000n\000\040\000E\000C\000R}{chapter.3}% 25
\BOOKMARK [1][-]{section.3.7}{\376\377\000Q\000u\000i\000c\000k\000\040\000D\000e\000p\000l\000o\000y\000\040\000w\000i\000t\000h\000\040\000A\000p\000p\000\040\000R\000u\000n\000n\000e\000r}{chapter.3}% 26
\BOOKMARK [1][-]{section.3.8}{\376\377\000D\000e\000p\000l\000o\000y\000m\000e\000n\000t\000\040\000R\000e\000s\000u\000l\000t\000s}{chapter.3}% 27
\BOOKMARK [1][-]{section.3.9}{\376\377\000C\000l\000a\000s\000s\000-\000B\000a\000s\000e\000d\000\040\000J\000a\000v\000a\000S\000c\000r\000i\000p\000t\000\040\000I\000m\000p\000l\000e\000m\000e\000n\000t\000a\000t\000i\000o\000n}{chapter.3}% 28
\BOOKMARK [2][-]{subsection.3.9.1}{\376\377\000U\000p\000d\000a\000t\000e\000d\000\040\000H\000T\000M\000L}{section.3.9}% 29
\BOOKMARK [2][-]{subsection.3.9.2}{\376\377\000C\000o\000l\000o\000r\000C\000h\000a\000n\000g\000e\000r\000\040\000C\000l\000a\000s\000s}{section.3.9}% 30
\BOOKMARK [2][-]{subsection.3.9.3}{\376\377\000U\000M\000L\000\040\000C\000l\000a\000s\000s\000\040\000D\000i\000a\000g\000r\000a\000m}{section.3.9}% 31
\BOOKMARK [1][-]{section.3.10}{\376\377\000L\000a\000t\000e\000x\000\040\000D\000o\000c\000k\000e\000r}{chapter.3}% 32
\BOOKMARK [1][-]{section.3.11}{\376\377\000P\000r\000o\000j\000e\000c\000t\000\040\000S\000t\000r\000u\000c\000t\000u\000r\000e}{chapter.3}% 33
\BOOKMARK [1][-]{section.3.12}{\376\377\000S\000a\000m\000p\000l\000e\000\040\000L\000a\000T\000e\000X\000\040\000D\000o\000c\000u\000m\000e\000n\000t}{chapter.3}% 34
\BOOKMARK [1][-]{section.3.13}{\376\377\000D\000o\000c\000k\000e\000r\000f\000i\000l\000e}{chapter.3}% 35
\BOOKMARK [1][-]{section.3.14}{\376\377\000C\000o\000m\000p\000i\000l\000a\000t\000i\000o\000n\000\040\000S\000c\000r\000i\000p\000t}{chapter.3}% 36
\BOOKMARK [1][-]{section.3.15}{\376\377\000B\000u\000i\000l\000d\000\040\000t\000h\000e\000\040\000D\000o\000c\000k\000e\000r\000\040\000I\000m\000a\000g\000e}{chapter.3}% 37
\BOOKMARK [1][-]{section.3.16}{\376\377\000C\000o\000m\000p\000i\000l\000e\000\040\000a\000\040\000L\000a\000T\000e\000X\000\040\000D\000o\000c\000u\000m\000e\000n\000t}{chapter.3}% 38
\BOOKMARK [1][-]{section.3.17}{\376\377\000A\000l\000t\000e\000r\000n\000a\000t\000i\000v\000e\000:\000\040\000I\000n\000t\000e\000r\000a\000c\000t\000i\000v\000e\000\040\000M\000o\000d\000e}{chapter.3}% 39
\BOOKMARK [1][-]{section.3.18}{\376\377\000R\000e\000s\000u\000l\000t\000s}{chapter.3}% 40
\BOOKMARK [0][-]{chapter.4}{\376\377\000D\000i\000g\000i\000t\000a\000l\000O\000c\000e\000a\000n\000\040\000S\000e\000t\000u\000p}{}% 41
\BOOKMARK [1][-]{section.4.1}{\376\377\000B\000u\000g\000z\000i\000l\000l\000a\000\040\000D\000e\000t\000a\000i\000l\000s}{chapter.4}% 42
\BOOKMARK [2][-]{subsection.4.1.1}{\376\377\000D\000o\000c\000k\000e\000r\000\040\000I\000m\000a\000g\000e\000s\000\040\000U\000s\000e\000d}{section.4.1}% 43
\BOOKMARK [2][-]{subsection.4.1.2}{\376\377\000S\000e\000t\000u\000p\000\040\000P\000r\000o\000c\000e\000s\000s}{section.4.1}% 44
\BOOKMARK [2][-]{subsection.4.1.3}{\376\377\000C\000o\000n\000f\000i\000g\000u\000r\000a\000t\000i\000o\000n\000\040\000P\000a\000r\000a\000m\000e\000t\000e\000r\000s}{section.4.1}% 45
\BOOKMARK [2][-]{subsection.4.1.4}{\376\377\000T\000r\000o\000u\000b\000l\000e\000s\000h\000o\000o\000t\000i\000n\000g}{section.4.1}% 46
\BOOKMARK [2][-]{subsection.4.1.5}{\376\377\000A\000c\000c\000e\000s\000s\000\040\000U\000R\000L}{section.4.1}% 47
\BOOKMARK [2][-]{subsection.4.1.6}{\376\377\000V\000e\000r\000i\000f\000i\000c\000a\000t\000i\000o\000n}{section.4.1}% 48
\BOOKMARK [1][-]{section.4.2}{\376\377\000O\000v\000e\000r\000l\000e\000a\000f\000\040\000D\000e\000t\000a\000i\000l\000s}{chapter.4}% 49
\BOOKMARK [2][-]{subsection.4.2.1}{\376\377\000D\000o\000c\000k\000e\000r\000\040\000I\000m\000a\000g\000e\000s\000\040\000U\000s\000e\000d}{section.4.2}% 50
\BOOKMARK [2][-]{subsection.4.2.2}{\376\377\000S\000e\000t\000u\000p\000\040\000P\000r\000o\000c\000e\000s\000s}{section.4.2}% 51
\BOOKMARK [2][-]{subsection.4.2.3}{\376\377\000C\000o\000n\000f\000i\000g\000u\000r\000a\000t\000i\000o\000n\000\040\000P\000a\000r\000a